[01m[K/home/jonas/loisWS/lois_local_planner/local_planner/src/plannerdata.cpp:1:10:[m[K [01;31m[Kfatal error: [m[Kplanner/plannerdata.hpp: No such file or directory
    1 | #include [01;31m[K<planner/plannerdata.hpp>[m[K
      |          [01;31m[K^~~~~~~~~~~~~~~~~~~~~~~~~[m[K
compilation terminated.
[01m[K/home/jonas/loisWS/lois_local_planner/local_planner/src/planner.cpp:1:10:[m[K [01;31m[Kfatal error: [m[Kplanner/planner.hpp: No such file or directory
    1 | #include [01;31m[K<planner/planner.hpp>[m[K
      |          [01;31m[K^~~~~~~~~~~~~~~~~~~~~[m[K
compilation terminated.
gmake[2]: *** [CMakeFiles/local_planner_node.dir/build.make:104: CMakeFiles/local_planner_node.dir/src/plannerdata.cpp.o] Error 1
gmake[2]: *** Waiting for unfinished jobs....
[01m[K/home/jonas/loisWS/lois_local_planner/local_planner/src/config.cpp:1:10:[m[K [01;31m[Kfatal error: [m[Kplanner/config.hpp: No such file or directory
    1 | #include [01;31m[K<planner/config.hpp>[m[K
      |          [01;31m[K^~~~~~~~~~~~~~~~~~~~[m[K
compilation terminated.
gmake[2]: *** [CMakeFiles/local_planner_node.dir/build.make:90: CMakeFiles/local_planner_node.dir/src/planner.cpp.o] Error 1
gmake[2]: *** [CMakeFiles/local_planner_node.dir/build.make:76: CMakeFiles/local_planner_node.dir/src/config.cpp.o] Error 1
[01m[K/home/jonas/loisWS/lois_local_planner/local_planner/src/timer.cpp:1:10:[m[K [01;31m[Kfatal error: [m[Kplanner/timer.hpp: No such file or directory
    1 | #include [01;31m[K<planner/timer.hpp>[m[K
      |          [01;31m[K^~~~~~~~~~~~~~~~~~~[m[K
compilation terminated.
[01m[K/home/jonas/loisWS/lois_local_planner/local_planner/src/planningalgorithm.cpp:1:10:[m[K [01;31m[Kfatal error: [m[Kplanner/planningalgorithm.hpp: No such file or directory
    1 | #include [01;31m[K<planner/planningalgorithm.hpp>[m[K
      |          [01;31m[K^~~~~~~~~~~~~~~~~~~~~~~~~~~~~~~[m[K
compilation terminated.
gmake[2]: *** [CMakeFiles/local_planner_node.dir/build.make:146: CMakeFiles/local_planner_node.dir/src/timer.cpp.o] Error 1
gmake[2]: *** [CMakeFiles/local_planner_node.dir/build.make:132: CMakeFiles/local_planner_node.dir/src/planningalgorithm.cpp.o] Error 1
[01m[K/home/jonas/loisWS/lois_local_planner/local_planner/src/trajectory.cpp:1:10:[m[K [01;31m[Kfatal error: [m[Kplanner/trajectory.hpp: No such file or directory
    1 | #include [01;31m[K<planner/trajectory.hpp>[m[K
      |          [01;31m[K^~~~~~~~~~~~~~~~~~~~~~~~[m[K
compilation terminated.
gmake[2]: *** [CMakeFiles/local_planner_node.dir/build.make:160: CMakeFiles/local_planner_node.dir/src/trajectory.cpp.o] Error 1
gmake[1]: *** [CMakeFiles/Makefile2:137: CMakeFiles/local_planner_node.dir/all] Error 2
gmake: *** [Makefile:146: all] Error 2
