[0.024s] Invoking command in '/home/jonas/loisWS/lois_local_planner/build/local_planner': CMAKE_PREFIX_PATH=${CMAKE_PREFIX_PATH}:/opt/ros/humble /usr/bin/cmake --build /home/jonas/loisWS/lois_local_planner/build/local_planner -- -j16 -l16
[0.067s] -- Found ament_cmake: 1.3.3 (/opt/ros/humble/share/ament_cmake/cmake)
[0.294s] -- Found rclcpp: 16.0.3 (/opt/ros/humble/share/rclcpp/cmake)
[0.339s] -- Found rosidl_generator_c: 3.1.4 (/opt/ros/humble/share/rosidl_generator_c/cmake)
[0.342s] -- Found rosidl_adapter: 3.1.4 (/opt/ros/humble/share/rosidl_adapter/cmake)
[0.350s] -- Found rosidl_generator_cpp: 3.1.4 (/opt/ros/humble/share/rosidl_generator_cpp/cmake)
[0.366s] -- Using all available rosidl_typesupport_c: rosidl_typesupport_fastrtps_c;rosidl_typesupport_introspection_c
[0.388s] -- Using all available rosidl_typesupport_cpp: rosidl_typesupport_fastrtps_cpp;rosidl_typesupport_introspection_cpp
[0.475s] -- Found rmw_implementation_cmake: 6.1.1 (/opt/ros/humble/share/rmw_implementation_cmake/cmake)
[0.476s] -- Found rmw_fastrtps_cpp: 6.2.2 (/opt/ros/humble/share/rmw_fastrtps_cpp/cmake)
[0.676s] -- Using RMW implementation 'rmw_fastrtps_cpp' as default
[0.911s] -- Found rosidl_default_generators: 1.2.0 (/opt/ros/humble/share/rosidl_default_generators/cmake)
[0.921s] -- Found sensor_msgs: 4.2.3 (/opt/ros/humble/share/sensor_msgs/cmake)
[1.103s] -- Found tf2: 0.25.2 (/opt/ros/humble/share/tf2/cmake)
[1.114s] -- Found tf2_ros: 0.25.2 (/opt/ros/humble/share/tf2_ros/cmake)
[1.586s] -- Found tf_listener: 1.0.0 (/home/jonas/loisWS/lois_tf_listener/tf_listener/install/tf_listener/share/tf_listener/cmake)
[1.587s] -- Found kinematics: 1.0.0 (/home/jonas/loisWS/lois_kinematics/kinematics/install/kinematics/share/kinematics/cmake)
[1.688s] -- Configuring done
[1.706s] -- Generating done
[1.709s] -- Build files have been written to: /home/jonas/loisWS/lois_local_planner/build/local_planner
[1.758s] [35m[1mConsolidate compiler generated dependencies of target local_planner_node[0m
[1.784s] [ 11%] [32mBuilding CXX object CMakeFiles/local_planner_node.dir/src/config.cpp.o[0m
[1.787s] [ 33%] [32mBuilding CXX object CMakeFiles/local_planner_node.dir/src/plannerdata.cpp.o[0m
[1.787s] [ 33%] [32mBuilding CXX object CMakeFiles/local_planner_node.dir/src/planner.cpp.o[0m
[1.795s] [ 66%] [32mBuilding CXX object CMakeFiles/local_planner_node.dir/src/trajectory.cpp.o[0m
[1.795s] [ 66%] [32mBuilding CXX object CMakeFiles/local_planner_node.dir/src/main.cpp.o[0m
[1.795s] [ 66%] [32mBuilding CXX object CMakeFiles/local_planner_node.dir/src/node.cpp.o[0m
[1.797s] [ 88%] [32mBuilding CXX object CMakeFiles/local_planner_node.dir/src/planningalgorithm.cpp.o[0m
[1.797s] [ 88%] [32mBuilding CXX object CMakeFiles/local_planner_node.dir/src/timer.cpp.o[0m
[1.804s] [01m[K/home/jonas/loisWS/lois_local_planner/local_planner/src/config.cpp:1:10:[m[K [01;31m[Kfatal error: [m[Kplanner/config.hpp: No such file or directory
[1.804s]     1 | #include [01;31m[K<planner/config.hpp>[m[K
[1.804s]       |          [01;31m[K^~~~~~~~~~~~~~~~~~~~[m[K
[1.804s] compilation terminated.
[1.805s] [01m[K/home/jonas/loisWS/lois_local_planner/local_planner/src/planner.cpp:1:10:[m[K [01;31m[Kfatal error: [m[Kplanner/planner.hpp: No such file or directory
[1.805s]     1 | #include [01;31m[K<planner/planner.hpp>[m[K
[1.805s]       |          [01;31m[K^~~~~~~~~~~~~~~~~~~~~[m[K
[1.805s] compilation terminated.
[1.806s] gmake[2]: *** [CMakeFiles/local_planner_node.dir/build.make:76: CMakeFiles/local_planner_node.dir/src/config.cpp.o] Error 1
[1.806s] gmake[2]: *** Waiting for unfinished jobs....
[1.806s] gmake[2]: *** [CMakeFiles/local_planner_node.dir/build.make:90: CMakeFiles/local_planner_node.dir/src/planner.cpp.o] Error 1
[1.807s] [01m[K/home/jonas/loisWS/lois_local_planner/local_planner/src/plannerdata.cpp:1:10:[m[K [01;31m[Kfatal error: [m[Kplanner/plannerdata.hpp: No such file or directory
[1.807s]     1 | #include [01;31m[K<planner/plannerdata.hpp>[m[K
[1.807s]       |          [01;31m[K^~~~~~~~~~~~~~~~~~~~~~~~~[m[K
[1.807s] compilation terminated.
[1.808s] gmake[2]: *** [CMakeFiles/local_planner_node.dir/build.make:104: CMakeFiles/local_planner_node.dir/src/plannerdata.cpp.o] Error 1
[1.810s] [01m[K/home/jonas/loisWS/lois_local_planner/local_planner/src/planningalgorithm.cpp:1:10:[m[K [01;31m[Kfatal error: [m[Kplanner/planningalgorithm.hpp: No such file or directory
[1.810s]     1 | #include [01;31m[K<planner/planningalgorithm.hpp>[m[K
[1.811s]       |          [01;31m[K^~~~~~~~~~~~~~~~~~~~~~~~~~~~~~~[m[K
[1.811s] compilation terminated.
[1.812s] gmake[2]: *** [CMakeFiles/local_planner_node.dir/build.make:132: CMakeFiles/local_planner_node.dir/src/planningalgorithm.cpp.o] Error 1
[1.812s] [01m[K/home/jonas/loisWS/lois_local_planner/local_planner/src/trajectory.cpp:1:10:[m[K [01;31m[Kfatal error: [m[Kplanner/trajectory.hpp: No such file or directory
[1.812s]     1 | #include [01;31m[K<planner/trajectory.hpp>[m[K
[1.812s]       |          [01;31m[K^~~~~~~~~~~~~~~~~~~~~~~~[m[K
[1.812s] compilation terminated.
[1.813s] [01m[K/home/jonas/loisWS/lois_local_planner/local_planner/src/timer.cpp:1:10:[m[K [01;31m[Kfatal error: [m[Kplanner/timer.hpp: No such file or directory
[1.813s]     1 | #include [01;31m[K<planner/timer.hpp>[m[K
[1.813s]       |          [01;31m[K^~~~~~~~~~~~~~~~~~~[m[K
[1.813s] compilation terminated.
[1.813s] gmake[2]: *** [CMakeFiles/local_planner_node.dir/build.make:160: CMakeFiles/local_planner_node.dir/src/trajectory.cpp.o] Error 1
[1.814s] gmake[2]: *** [CMakeFiles/local_planner_node.dir/build.make:146: CMakeFiles/local_planner_node.dir/src/timer.cpp.o] Error 1
[4.583s] [01m[K/home/jonas/loisWS/lois_local_planner/local_planner/src/node.cpp:[m[K In constructor ‘[01m[KPlannerNode::PlannerNode()[m[K’:
[4.583s] [01m[K/home/jonas/loisWS/lois_local_planner/local_planner/src/node.cpp:3:35:[m[K [01;31m[Kerror: [m[Kno matching function for call to ‘[01m[Krclcpp::Node::Node()[m[K’
[4.583s]     3 | PlannerNode::PlannerNode() : Node([01;31m[K)[m[K
[4.583s]       |                                   [01;31m[K^[m[K
[4.583s] In file included from [01m[K/opt/ros/humble/include/rclcpp/rclcpp/executors/single_threaded_executor.hpp:28[m[K,
[4.583s]                  from [01m[K/opt/ros/humble/include/rclcpp/rclcpp/executors.hpp:22[m[K,
[4.584s]                  from [01m[K/opt/ros/humble/include/rclcpp/rclcpp/rclcpp.hpp:155[m[K,
[4.584s]                  from [01m[K/home/jonas/loisWS/lois_local_planner/local_planner/include/local_planner/node.hpp:9[m[K,
[4.584s]                  from [01m[K/home/jonas/loisWS/lois_local_planner/local_planner/src/node.cpp:1[m[K:
[4.584s] [01m[K/opt/ros/humble/include/rclcpp/rclcpp/node.hpp:1294:3:[m[K [01;36m[Knote: [m[Kcandidate: ‘[01m[Krclcpp::Node::Node(const rclcpp::Node&, const string&)[m[K’
[4.584s]  1294 |   [01;36m[KNode[m[K(
[4.584s]       |   [01;36m[K^~~~[m[K
[4.584s] [01m[K/opt/ros/humble/include/rclcpp/rclcpp/node.hpp:1294:3:[m[K [01;36m[Knote: [m[K  candidate expects 2 arguments, 0 provided
[4.585s] [01m[K/opt/ros/humble/include/rclcpp/rclcpp/node.hpp:101:12:[m[K [01;36m[Knote: [m[Kcandidate: ‘[01m[Krclcpp::Node::Node(const string&, const string&, const rclcpp::NodeOptions&)[m[K’
[4.585s]   101 |   explicit [01;36m[KNode[m[K(
[4.585s]       |            [01;36m[K^~~~[m[K
[4.585s] [01m[K/opt/ros/humble/include/rclcpp/rclcpp/node.hpp:101:12:[m[K [01;36m[Knote: [m[K  candidate expects 3 arguments, 0 provided
[4.585s] [01m[K/opt/ros/humble/include/rclcpp/rclcpp/node.hpp:89:12:[m[K [01;36m[Knote: [m[Kcandidate: ‘[01m[Krclcpp::Node::Node(const string&, const rclcpp::NodeOptions&)[m[K’
[4.585s]    89 |   explicit [01;36m[KNode[m[K(
[4.585s]       |            [01;36m[K^~~~[m[K
[4.586s] [01m[K/opt/ros/humble/include/rclcpp/rclcpp/node.hpp:89:12:[m[K [01;36m[Knote: [m[K  candidate expects 2 arguments, 0 provided
[5.070s] gmake[2]: *** [CMakeFiles/local_planner_node.dir/build.make:118: CMakeFiles/local_planner_node.dir/src/node.cpp.o] Error 1
[5.169s] gmake[1]: *** [CMakeFiles/Makefile2:137: CMakeFiles/local_planner_node.dir/all] Error 2
[5.169s] gmake: *** [Makefile:146: all] Error 2
[5.173s] Invoked command in '/home/jonas/loisWS/lois_local_planner/build/local_planner' returned '2': CMAKE_PREFIX_PATH=${CMAKE_PREFIX_PATH}:/opt/ros/humble /usr/bin/cmake --build /home/jonas/loisWS/lois_local_planner/build/local_planner -- -j16 -l16
