[0.024s] Invoking command in '/home/jonas/loisWS/lois_local_planner/build/local_planner': CMAKE_PREFIX_PATH=${CMAKE_PREFIX_PATH}:/opt/ros/humble /usr/bin/cmake --build /home/jonas/loisWS/lois_local_planner/build/local_planner -- -j16 -l16
[0.102s] [ 11%] [32mBuilding CXX object CMakeFiles/local_planner_node.dir/src/plannerdata.cpp.o[0m
[0.103s] [ 22%] [32mBuilding CXX object CMakeFiles/local_planner_node.dir/src/planner.cpp.o[0m
[0.105s] [ 33%] [32mBuilding CXX object CMakeFiles/local_planner_node.dir/src/planningalgorithm.cpp.o[0m
[0.447s] In file included from [01m[K/home/jonas/loisWS/lois_local_planner/local_planner/include/local_planner/planningalgorithm.hpp:6[m[K,
[0.447s]                  from [01m[K/home/jonas/loisWS/lois_local_planner/local_planner/src/planningalgorithm.cpp:1[m[K:
[0.447s] [01m[K/home/jonas/loisWS/lois_local_planner/local_planner/include/local_planner/plannerdata.hpp:5:10:[m[K [01;31m[Kfatal error: [m[Ksensor_msgs/Image.h: No such file or directory
[0.447s]     5 | #include [01;31m[K<sensor_msgs/Image.h>[m[K
[0.447s]       |          [01;31m[K^~~~~~~~~~~~~~~~~~~~~[m[K
[0.447s] compilation terminated.
[0.451s] In file included from [01m[K/home/jonas/loisWS/lois_local_planner/local_planner/src/planner.cpp:1[m[K:
[0.452s] [01m[K/home/jonas/loisWS/lois_local_planner/local_planner/include/local_planner/planner.hpp:6:10:[m[K [01;31m[Kfatal error: [m[Ksensor_msgs/msg/Image.hpp: No such file or directory
[0.452s]     6 | #include [01;31m[K<sensor_msgs/msg/Image.hpp>[m[K
[0.452s]       |          [01;31m[K^~~~~~~~~~~~~~~~~~~~~~~~~~~[m[K
[0.452s] compilation terminated.
[0.458s] gmake[2]: *** [CMakeFiles/local_planner_node.dir/build.make:90: CMakeFiles/local_planner_node.dir/src/planner.cpp.o] Error 1
[0.458s] gmake[2]: *** Waiting for unfinished jobs....
[0.458s] gmake[2]: *** [CMakeFiles/local_planner_node.dir/build.make:132: CMakeFiles/local_planner_node.dir/src/planningalgorithm.cpp.o] Error 1
[0.460s] In file included from [01m[K/home/jonas/loisWS/lois_local_planner/local_planner/src/plannerdata.cpp:1[m[K:
[0.460s] [01m[K/home/jonas/loisWS/lois_local_planner/local_planner/include/local_planner/plannerdata.hpp:5:10:[m[K [01;31m[Kfatal error: [m[Ksensor_msgs/Image.h: No such file or directory
[0.461s]     5 | #include [01;31m[K<sensor_msgs/Image.h>[m[K
[0.461s]       |          [01;31m[K^~~~~~~~~~~~~~~~~~~~~[m[K
[0.461s] compilation terminated.
[0.464s] gmake[2]: *** [CMakeFiles/local_planner_node.dir/build.make:104: CMakeFiles/local_planner_node.dir/src/plannerdata.cpp.o] Error 1
[0.464s] gmake[1]: *** [CMakeFiles/Makefile2:137: CMakeFiles/local_planner_node.dir/all] Error 2
[0.465s] gmake: *** [Makefile:146: all] Error 2
[0.469s] Invoked command in '/home/jonas/loisWS/lois_local_planner/build/local_planner' returned '2': CMAKE_PREFIX_PATH=${CMAKE_PREFIX_PATH}:/opt/ros/humble /usr/bin/cmake --build /home/jonas/loisWS/lois_local_planner/build/local_planner -- -j16 -l16
