In file included from [01m[K/home/jonas/loisWS/lois_local_planner/local_planner/src/planner.cpp:1[m[K:
[01m[K/home/jonas/loisWS/lois_local_planner/local_planner/include/local_planner/planner.hpp:4:10:[m[K [01;31m[Kfatal error: [m[Kros/ros.h: No such file or directory
    4 | #include [01;31m[K<ros/ros.h>[m[K
      |          [01;31m[K^~~~~~~~~~~[m[K
compilation terminated.
gmake[2]: *** [CMakeFiles/local_planner_node.dir/build.make:90: CMakeFiles/local_planner_node.dir/src/planner.cpp.o] Error 1
gmake[2]: *** Waiting for unfinished jobs....
In file included from [01m[K/home/jonas/loisWS/lois_local_planner/local_planner/src/plannerdata.cpp:1[m[K:
[01m[K/home/jonas/loisWS/lois_local_planner/local_planner/include/local_planner/plannerdata.hpp:3:10:[m[K [01;31m[Kfatal error: [m[Kros/ros.h: No such file or directory
    3 | #include [01;31m[K<ros/ros.h>[m[K
      |          [01;31m[K^~~~~~~~~~~[m[K
compilation terminated.
gmake[2]: *** [CMakeFiles/local_planner_node.dir/build.make:104: CMakeFiles/local_planner_node.dir/src/plannerdata.cpp.o] Error 1
In file included from [01m[K/home/jonas/loisWS/lois_local_planner/local_planner/include/local_planner/planningalgorithm.hpp:6[m[K,
                 from [01m[K/home/jonas/loisWS/lois_local_planner/local_planner/src/planningalgorithm.cpp:1[m[K:
[01m[K/home/jonas/loisWS/lois_local_planner/local_planner/include/local_planner/plannerdata.hpp:3:10:[m[K [01;31m[Kfatal error: [m[Kros/ros.h: No such file or directory
    3 | #include [01;31m[K<ros/ros.h>[m[K
      |          [01;31m[K^~~~~~~~~~~[m[K
compilation terminated.
gmake[2]: *** [CMakeFiles/local_planner_node.dir/build.make:132: CMakeFiles/local_planner_node.dir/src/planningalgorithm.cpp.o] Error 1
In file included from [01m[K/home/jonas/loisWS/lois_local_planner/local_planner/src/trajectory.cpp:1[m[K:
[01m[K/home/jonas/loisWS/lois_local_planner/local_planner/include/local_planner/trajectory.hpp:[m[K In member function ‘[01m[Kbool Trajectory::setCollided()[m[K’:
[01m[K/home/jonas/loisWS/lois_local_planner/local_planner/include/local_planner/trajectory.hpp:37:40:[m[K [01;35m[Kwarning: [m[Kno return statement in function returning non-void [[01;35m[K-Wreturn-type[m[K]
   37 |   bool setCollided(){ collided = true; [01;35m[K}[m[K
      |                                        [01;35m[K^[m[K
[01m[K/home/jonas/loisWS/lois_local_planner/local_planner/include/local_planner/trajectory.hpp:[m[K In member function ‘[01m[Kbool Trajectory::setCollided(double)[m[K’:
[01m[K/home/jonas/loisWS/lois_local_planner/local_planner/include/local_planner/trajectory.hpp:43:79:[m[K [01;35m[Kwarning: [m[Kno return statement in function returning non-void [[01;35m[K-Wreturn-type[m[K]
   43 |   bool setCollided(double colTime){ collided = true; this->colTime = colTime; [01;35m[K}[m[K
      |                                                                               [01;35m[K^[m[K
gmake[1]: *** [CMakeFiles/Makefile2:137: CMakeFiles/local_planner_node.dir/all] Error 2
gmake: *** [Makefile:146: all] Error 2
