[0.026s] Invoking command in '/home/jonas/loisWS/lois_local_planner/local_planner/build/local_planner': CMAKE_PREFIX_PATH=${CMAKE_PREFIX_PATH}:/opt/ros/humble /usr/bin/cmake /home/jonas/loisWS/lois_local_planner/local_planner -DCMAKE_INSTALL_PREFIX=/home/jonas/loisWS/lois_local_planner/local_planner/install/local_planner
[0.046s] -- Found ament_cmake: 1.3.3 (/opt/ros/humble/share/ament_cmake/cmake)
[0.265s] -- Found rclcpp: 16.0.3 (/opt/ros/humble/share/rclcpp/cmake)
[0.307s] -- Found rosidl_generator_c: 3.1.4 (/opt/ros/humble/share/rosidl_generator_c/cmake)
[0.310s] -- Found rosidl_adapter: 3.1.4 (/opt/ros/humble/share/rosidl_adapter/cmake)
[0.319s] -- Found rosidl_generator_cpp: 3.1.4 (/opt/ros/humble/share/rosidl_generator_cpp/cmake)
[0.335s] -- Using all available rosidl_typesupport_c: rosidl_typesupport_fastrtps_c;rosidl_typesupport_introspection_c
[0.357s] -- Using all available rosidl_typesupport_cpp: rosidl_typesupport_fastrtps_cpp;rosidl_typesupport_introspection_cpp
[0.446s] -- Found rmw_implementation_cmake: 6.1.1 (/opt/ros/humble/share/rmw_implementation_cmake/cmake)
[0.447s] -- Found rmw_fastrtps_cpp: 6.2.2 (/opt/ros/humble/share/rmw_fastrtps_cpp/cmake)
[0.641s] -- Using RMW implementation 'rmw_fastrtps_cpp' as default
[0.868s] -- Found rosidl_default_generators: 1.2.0 (/opt/ros/humble/share/rosidl_default_generators/cmake)
[0.878s] -- Found sensor_msgs: 4.2.3 (/opt/ros/humble/share/sensor_msgs/cmake)
[1.060s] -- Found tf2: 0.25.2 (/opt/ros/humble/share/tf2/cmake)
[1.071s] -- Found tf2_ros: 0.25.2 (/opt/ros/humble/share/tf2_ros/cmake)
[1.544s] [31mCMake Error at /opt/ros/humble/share/ament_cmake_target_dependencies/cmake/ament_target_dependencies.cmake:77 (message):
[1.544s]   ament_target_dependencies() the passed package name 'tflistener' was not
[1.545s]   found before
[1.545s] Call Stack (most recent call first):
[1.545s]   CMakeLists.txt:31 (ament_target_dependencies)
[1.545s] 
[1.545s] [0m
[1.545s] -- Configuring incomplete, errors occurred!
[1.546s] See also "/home/jonas/loisWS/lois_local_planner/local_planner/build/local_planner/CMakeFiles/CMakeOutput.log".
[1.554s] Invoked command in '/home/jonas/loisWS/lois_local_planner/local_planner/build/local_planner' returned '1': CMAKE_PREFIX_PATH=${CMAKE_PREFIX_PATH}:/opt/ros/humble /usr/bin/cmake /home/jonas/loisWS/lois_local_planner/local_planner -DCMAKE_INSTALL_PREFIX=/home/jonas/loisWS/lois_local_planner/local_planner/install/local_planner
