[0.027s] Invoking command in '/home/jonas/loisWS/lois_local_planner/build/local_planner': CMAKE_PREFIX_PATH=${CMAKE_PREFIX_PATH}:/opt/ros/humble /usr/bin/cmake --build /home/jonas/loisWS/lois_local_planner/build/local_planner -- -j16 -l16
[0.118s] [ 22%] [32mBuilding CXX object CMakeFiles/local_planner_node.dir/src/planner.cpp.o[0m
[0.118s] [ 22%] [32mBuilding CXX object CMakeFiles/local_planner_node.dir/src/plannerdata.cpp.o[0m
[0.121s] [ 33%] [32mBuilding CXX object CMakeFiles/local_planner_node.dir/src/planningalgorithm.cpp.o[0m
[0.497s] In file included from [01m[K/home/jonas/loisWS/lois_local_planner/local_planner/src/planner.cpp:1[m[K:
[0.497s] [01m[K/home/jonas/loisWS/lois_local_planner/local_planner/include/local_planner/planner.hpp:6:10:[m[K [01;31m[Kfatal error: [m[Ksensor_msgs/msg/Image.hpp: No such file or directory
[0.498s]     6 | #include [01;31m[K<sensor_msgs/msg/Image.hpp>[m[K
[0.498s]       |          [01;31m[K^~~~~~~~~~~~~~~~~~~~~~~~~~~[m[K
[0.498s] compilation terminated.
[0.498s] In file included from [01m[K/home/jonas/loisWS/lois_local_planner/local_planner/include/local_planner/planningalgorithm.hpp:6[m[K,
[0.498s]                  from [01m[K/home/jonas/loisWS/lois_local_planner/local_planner/src/planningalgorithm.cpp:1[m[K:
[0.499s] [01m[K/home/jonas/loisWS/lois_local_planner/local_planner/include/local_planner/plannerdata.hpp:6:10:[m[K [01;31m[Kfatal error: [m[Ksensor_msgs/msg/Image.hpp: No such file or directory
[0.499s]     6 | #include [01;31m[K<sensor_msgs/msg/Image.hpp>[m[K
[0.499s]       |          [01;31m[K^~~~~~~~~~~~~~~~~~~~~~~~~~~[m[K
[0.499s] compilation terminated.
[0.503s] In file included from [01m[K/home/jonas/loisWS/lois_local_planner/local_planner/src/plannerdata.cpp:1[m[K:
[0.504s] [01m[K/home/jonas/loisWS/lois_local_planner/local_planner/include/local_planner/plannerdata.hpp:6:10:[m[K [01;31m[Kfatal error: [m[Ksensor_msgs/msg/Image.hpp: No such file or directory
[0.504s]     6 | #include [01;31m[K<sensor_msgs/msg/Image.hpp>[m[K
[0.504s]       |          [01;31m[K^~~~~~~~~~~~~~~~~~~~~~~~~~~[m[K
[0.504s] compilation terminated.
[0.509s] gmake[2]: *** [CMakeFiles/local_planner_node.dir/build.make:90: CMakeFiles/local_planner_node.dir/src/planner.cpp.o] Error 1
[0.509s] gmake[2]: *** Waiting for unfinished jobs....
[0.509s] gmake[2]: *** [CMakeFiles/local_planner_node.dir/build.make:104: CMakeFiles/local_planner_node.dir/src/plannerdata.cpp.o] Error 1
[0.510s] gmake[2]: *** [CMakeFiles/local_planner_node.dir/build.make:132: CMakeFiles/local_planner_node.dir/src/planningalgorithm.cpp.o] Error 1
[0.510s] gmake[1]: *** [CMakeFiles/Makefile2:137: CMakeFiles/local_planner_node.dir/all] Error 2
[0.510s] gmake: *** [Makefile:146: all] Error 2
[0.514s] Invoked command in '/home/jonas/loisWS/lois_local_planner/build/local_planner' returned '2': CMAKE_PREFIX_PATH=${CMAKE_PREFIX_PATH}:/opt/ros/humble /usr/bin/cmake --build /home/jonas/loisWS/lois_local_planner/build/local_planner -- -j16 -l16
