-- Found ament_cmake: 1.3.3 (/opt/ros/humble/share/ament_cmake/cmake)
-- Found rclcpp: 16.0.3 (/opt/ros/humble/share/rclcpp/cmake)
-- Found rosidl_generator_c: 3.1.4 (/opt/ros/humble/share/rosidl_generator_c/cmake)
-- Found rosidl_adapter: 3.1.4 (/opt/ros/humble/share/rosidl_adapter/cmake)
-- Found rosidl_generator_cpp: 3.1.4 (/opt/ros/humble/share/rosidl_generator_cpp/cmake)
-- Using all available rosidl_typesupport_c: rosidl_typesupport_fastrtps_c;rosidl_typesupport_introspection_c
-- Using all available rosidl_typesupport_cpp: rosidl_typesupport_fastrtps_cpp;rosidl_typesupport_introspection_cpp
-- Found rmw_implementation_cmake: 6.1.1 (/opt/ros/humble/share/rmw_implementation_cmake/cmake)
-- Found rmw_fastrtps_cpp: 6.2.2 (/opt/ros/humble/share/rmw_fastrtps_cpp/cmake)
-- Using RMW implementation 'rmw_fastrtps_cpp' as default
-- Found rosidl_default_generators: 1.2.0 (/opt/ros/humble/share/rosidl_default_generators/cmake)
-- Found sensor_msgs: 4.2.3 (/opt/ros/humble/share/sensor_msgs/cmake)
-- Found tf2: 0.25.2 (/opt/ros/humble/share/tf2/cmake)
-- Found tf2_ros: 0.25.2 (/opt/ros/humble/share/tf2_ros/cmake)
-- Found tf_listener: 1.0.0 (/home/jonas/loisWS/lois_tf_listener/tf_listener/install/tf_listener/share/tf_listener/cmake)
-- Found kinematics: 1.0.0 (/home/jonas/loisWS/lois_kinematics/kinematics/install/kinematics/share/kinematics/cmake)
-- Configuring done
-- Generating done
-- Build files have been written to: /home/jonas/loisWS/lois_local_planner/build/local_planner
[ 11%] [32mBuilding CXX object CMakeFiles/local_planner_node.dir/src/planner.cpp.o[0m
[ 22%] [32mBuilding CXX object CMakeFiles/local_planner_node.dir/src/config.cpp.o[0m
[ 33%] [32mBuilding CXX object CMakeFiles/local_planner_node.dir/src/plannerdata.cpp.o[0m
[ 44%] [32mBuilding CXX object CMakeFiles/local_planner_node.dir/src/trajectory.cpp.o[0m
[ 55%] [32mBuilding CXX object CMakeFiles/local_planner_node.dir/src/main.cpp.o[0m
[ 66%] [32mBuilding CXX object CMakeFiles/local_planner_node.dir/src/planningalgorithm.cpp.o[0m
[ 88%] [32mBuilding CXX object CMakeFiles/local_planner_node.dir/src/node.cpp.o[0m
[ 88%] [32mBuilding CXX object CMakeFiles/local_planner_node.dir/src/timer.cpp.o[0m
