-- Found ament_cmake: 1.3.3 (/opt/ros/humble/share/ament_cmake/cmake)
-- Found rclcpp: 16.0.3 (/opt/ros/humble/share/rclcpp/cmake)
-- Found rosidl_generator_c: 3.1.4 (/opt/ros/humble/share/rosidl_generator_c/cmake)
-- Found rosidl_adapter: 3.1.4 (/opt/ros/humble/share/rosidl_adapter/cmake)
-- Found rosidl_generator_cpp: 3.1.4 (/opt/ros/humble/share/rosidl_generator_cpp/cmake)
-- Using all available rosidl_typesupport_c: rosidl_typesupport_fastrtps_c;rosidl_typesupport_introspection_c
-- Using all available rosidl_typesupport_cpp: rosidl_typesupport_fastrtps_cpp;rosidl_typesupport_introspection_cpp
-- Found rmw_implementation_cmake: 6.1.1 (/opt/ros/humble/share/rmw_implementation_cmake/cmake)
-- Found rmw_fastrtps_cpp: 6.2.2 (/opt/ros/humble/share/rmw_fastrtps_cpp/cmake)
-- Using RMW implementation 'rmw_fastrtps_cpp' as default
-- Found rosidl_default_generators: 1.2.0 (/opt/ros/humble/share/rosidl_default_generators/cmake)
-- Found sensor_msgs: 4.2.3 (/opt/ros/humble/share/sensor_msgs/cmake)
-- Found tf2: 0.25.2 (/opt/ros/humble/share/tf2/cmake)
-- Found tf2_ros: 0.25.2 (/opt/ros/humble/share/tf2_ros/cmake)
-- Found tf_listener: 1.0.0 (/home/jonas/loisWS/lois_tf_listener/tf_listener/install/tf_listener/share/tf_listener/cmake)
-- Found kinematics: 1.0.0 (/home/jonas/loisWS/lois_kinematics/kinematics/install/kinematics/share/kinematics/cmake)
-- Configuring done
-- Generating done
-- Build files have been written to: /home/jonas/loisWS/lois_local_planner/build/local_planner
[ 11%] [32mBuilding CXX object CMakeFiles/local_planner_node.dir/src/planner.cpp.o[0m
[ 22%] [32mBuilding CXX object CMakeFiles/local_planner_node.dir/src/config.cpp.o[0m
[ 33%] [32mBuilding CXX object CMakeFiles/local_planner_node.dir/src/plannerdata.cpp.o[0m
[ 44%] [32mBuilding CXX object CMakeFiles/local_planner_node.dir/src/trajectory.cpp.o[0m
[ 55%] [32mBuilding CXX object CMakeFiles/local_planner_node.dir/src/main.cpp.o[0m
[ 66%] [32mBuilding CXX object CMakeFiles/local_planner_node.dir/src/planningalgorithm.cpp.o[0m
[ 88%] [32mBuilding CXX object CMakeFiles/local_planner_node.dir/src/node.cpp.o[0m
[ 88%] [32mBuilding CXX object CMakeFiles/local_planner_node.dir/src/timer.cpp.o[0m
[01m[K/home/jonas/loisWS/lois_local_planner/local_planner/src/trajectory.cpp:1:10:[m[K [01;31m[Kfatal error: [m[Kplanner/trajectory.hpp: No such file or directory
    1 | #include [01;31m[K<planner/trajectory.hpp>[m[K
      |          [01;31m[K^~~~~~~~~~~~~~~~~~~~~~~~[m[K
[01m[K/home/jonas/loisWS/lois_local_planner/local_planner/src/planner.cpp:1:10:[m[K [01;31m[Kfatal error: [m[Kplanner/planner.hpp: No such file or directory
    1 | #include [01;31m[K<planner/planner.hpp>[m[K
      |          [01;31m[K^~~~~~~~~~~~~~~~~~~~~[m[K
compilation terminated.
compilation terminated.
[01m[K/home/jonas/loisWS/lois_local_planner/local_planner/src/planningalgorithm.cpp:1:10:[m[K [01;31m[Kfatal error: [m[Kplanner/planningalgorithm.hpp: No such file or directory
    1 | #include [01;31m[K<planner/planningalgorithm.hpp>[m[K
      |          [01;31m[K^~~~~~~~~~~~~~~~~~~~~~~~~~~~~~~[m[K
compilation terminated.
[01m[K/home/jonas/loisWS/lois_local_planner/local_planner/src/plannerdata.cpp:1:10:[m[K [01;31m[Kfatal error: [m[Kplanner/plannerdata.hpp: No such file or directory
    1 | #include [01;31m[K<planner/plannerdata.hpp>[m[K
      |          [01;31m[K^~~~~~~~~~~~~~~~~~~~~~~~~[m[K
compilation terminated.
[01m[K/home/jonas/loisWS/lois_local_planner/local_planner/src/main.cpp:1:10:[m[K [01;31m[Kfatal error: [m[Klocal_planner/node.h: No such file or directory
    1 | #include [01;31m[K<local_planner/node.h>[m[K
      |          [01;31m[K^~~~~~~~~~~~~~~~~~~~~~[m[K
[01m[K/home/jonas/loisWS/lois_local_planner/local_planner/src/node.cpp:1:10:[m[K [01;31m[Kfatal error: [m[Klocal_planner/node.hpp: No such file or directory
    1 | #include [01;31m[K"local_planner/node.hpp"[m[K
      |          [01;31m[K^~~~~~~~~~~~~~~~~~~~~~~~[m[K
compilation terminated.
compilation terminated.
[01m[K/home/jonas/loisWS/lois_local_planner/local_planner/src/timer.cpp:1:10:[m[K [01;31m[Kfatal error: [m[Kplanner/timer.hpp: No such file or directory
    1 | #include [01;31m[K<planner/timer.hpp>[m[K
      |          [01;31m[K^~~~~~~~~~~~~~~~~~~[m[K
[01m[K/home/jonas/loisWS/lois_local_planner/local_planner/src/config.cpp:1:10:[m[K [01;31m[Kfatal error: [m[Kplanner/config.hpp: No such file or directory
    1 | #include [01;31m[K<planner/config.hpp>[m[K
      |          [01;31m[K^~~~~~~~~~~~~~~~~~~~[m[K
compilation terminated.
compilation terminated.
gmake[2]: *** [CMakeFiles/local_planner_node.dir/build.make:90: CMakeFiles/local_planner_node.dir/src/planner.cpp.o] Error 1
gmake[2]: *** Waiting for unfinished jobs....
gmake[2]: *** [CMakeFiles/local_planner_node.dir/build.make:132: CMakeFiles/local_planner_node.dir/src/planningalgorithm.cpp.o] Error 1
gmake[2]: *** [CMakeFiles/local_planner_node.dir/build.make:160: CMakeFiles/local_planner_node.dir/src/trajectory.cpp.o] Error 1
gmake[2]: *** [CMakeFiles/local_planner_node.dir/build.make:104: CMakeFiles/local_planner_node.dir/src/plannerdata.cpp.o] Error 1
gmake[2]: *** [CMakeFiles/local_planner_node.dir/build.make:118: CMakeFiles/local_planner_node.dir/src/node.cpp.o] Error 1
gmake[2]: *** [CMakeFiles/local_planner_node.dir/build.make:174: CMakeFiles/local_planner_node.dir/src/main.cpp.o] Error 1
gmake[2]: *** [CMakeFiles/local_planner_node.dir/build.make:146: CMakeFiles/local_planner_node.dir/src/timer.cpp.o] Error 1
gmake[2]: *** [CMakeFiles/local_planner_node.dir/build.make:76: CMakeFiles/local_planner_node.dir/src/config.cpp.o] Error 1
gmake[1]: *** [CMakeFiles/Makefile2:137: CMakeFiles/local_planner_node.dir/all] Error 2
gmake: *** [Makefile:146: all] Error 2
