[0.026s] Invoking command in '/home/jonas/loisWS/lois_local_planner/build/local_planner': CMAKE_PREFIX_PATH=${CMAKE_PREFIX_PATH}:/opt/ros/humble /usr/bin/cmake /home/jonas/loisWS/lois_local_planner/local_planner -DCMAKE_INSTALL_PREFIX=/home/jonas/loisWS/lois_local_planner/install/local_planner
[0.046s] -- Found ament_cmake: 1.3.3 (/opt/ros/humble/share/ament_cmake/cmake)
[0.278s] -- Found rclcpp: 16.0.3 (/opt/ros/humble/share/rclcpp/cmake)
[0.320s] -- Found rosidl_generator_c: 3.1.4 (/opt/ros/humble/share/rosidl_generator_c/cmake)
[0.324s] -- Found rosidl_adapter: 3.1.4 (/opt/ros/humble/share/rosidl_adapter/cmake)
[0.334s] -- Found rosidl_generator_cpp: 3.1.4 (/opt/ros/humble/share/rosidl_generator_cpp/cmake)
[0.350s] -- Using all available rosidl_typesupport_c: rosidl_typesupport_fastrtps_c;rosidl_typesupport_introspection_c
[0.372s] -- Using all available rosidl_typesupport_cpp: rosidl_typesupport_fastrtps_cpp;rosidl_typesupport_introspection_cpp
[0.458s] -- Found rmw_implementation_cmake: 6.1.1 (/opt/ros/humble/share/rmw_implementation_cmake/cmake)
[0.459s] -- Found rmw_fastrtps_cpp: 6.2.2 (/opt/ros/humble/share/rmw_fastrtps_cpp/cmake)
[0.647s] -- Using RMW implementation 'rmw_fastrtps_cpp' as default
[0.877s] -- Found rosidl_default_generators: 1.2.0 (/opt/ros/humble/share/rosidl_default_generators/cmake)
[0.887s] -- Found sensor_msgs: 4.2.3 (/opt/ros/humble/share/sensor_msgs/cmake)
[1.068s] -- Found tf2: 0.25.2 (/opt/ros/humble/share/tf2/cmake)
[1.079s] -- Found tf2_ros: 0.25.2 (/opt/ros/humble/share/tf2_ros/cmake)
[1.552s] -- Found tf_listener: 1.0.0 (/home/jonas/loisWS/lois_tf_listener/tf_listener/install/tf_listener/share/tf_listener/cmake)
[1.553s] -- Found kinematics: 1.0.0 (/home/jonas/loisWS/lois_kinematics/kinematics/install/kinematics/share/kinematics/cmake)
[1.654s] -- Configuring done
[1.674s] -- Generating done
[1.676s] -- Build files have been written to: /home/jonas/loisWS/lois_local_planner/build/local_planner
[1.690s] Invoked command in '/home/jonas/loisWS/lois_local_planner/build/local_planner' returned '0': CMAKE_PREFIX_PATH=${CMAKE_PREFIX_PATH}:/opt/ros/humble /usr/bin/cmake /home/jonas/loisWS/lois_local_planner/local_planner -DCMAKE_INSTALL_PREFIX=/home/jonas/loisWS/lois_local_planner/install/local_planner
[1.693s] Invoking command in '/home/jonas/loisWS/lois_local_planner/build/local_planner': CMAKE_PREFIX_PATH=${CMAKE_PREFIX_PATH}:/opt/ros/humble /usr/bin/cmake --build /home/jonas/loisWS/lois_local_planner/build/local_planner -- -j16 -l16
[1.774s] [ 11%] [32mBuilding CXX object CMakeFiles/local_planner_node.dir/src/planner.cpp.o[0m
[1.775s] [ 22%] [32mBuilding CXX object CMakeFiles/local_planner_node.dir/src/config.cpp.o[0m
[1.775s] [ 33%] [32mBuilding CXX object CMakeFiles/local_planner_node.dir/src/plannerdata.cpp.o[0m
[1.776s] [ 44%] [32mBuilding CXX object CMakeFiles/local_planner_node.dir/src/trajectory.cpp.o[0m
[1.776s] [ 55%] [32mBuilding CXX object CMakeFiles/local_planner_node.dir/src/main.cpp.o[0m
[1.776s] [ 66%] [32mBuilding CXX object CMakeFiles/local_planner_node.dir/src/planningalgorithm.cpp.o[0m
[1.779s] [ 88%] [32mBuilding CXX object CMakeFiles/local_planner_node.dir/src/node.cpp.o[0m
[1.779s] [ 88%] [32mBuilding CXX object CMakeFiles/local_planner_node.dir/src/timer.cpp.o[0m
[1.802s] [01m[K/home/jonas/loisWS/lois_local_planner/local_planner/src/trajectory.cpp:1:10:[m[K [01;31m[Kfatal error: [m[Kplanner/trajectory.hpp: No such file or directory
[1.802s]     1 | #include [01;31m[K<planner/trajectory.hpp>[m[K
[1.803s]       |          [01;31m[K^~~~~~~~~~~~~~~~~~~~~~~~[m[K
[1.803s] [01m[K/home/jonas/loisWS/lois_local_planner/local_planner/src/planner.cpp:1:10:[m[K [01;31m[Kfatal error: [m[Kplanner/planner.hpp: No such file or directory
[1.803s]     1 | #include [01;31m[K<planner/planner.hpp>[m[K
[1.803s]       |          [01;31m[K^~~~~~~~~~~~~~~~~~~~~[m[K
[1.803s] compilation terminated.
[1.803s] compilation terminated.
[1.804s] [01m[K/home/jonas/loisWS/lois_local_planner/local_planner/src/planningalgorithm.cpp:1:10:[m[K [01;31m[Kfatal error: [m[Kplanner/planningalgorithm.hpp: No such file or directory
[1.804s]     1 | #include [01;31m[K<planner/planningalgorithm.hpp>[m[K
[1.804s]       |          [01;31m[K^~~~~~~~~~~~~~~~~~~~~~~~~~~~~~~[m[K
[1.804s] compilation terminated.
[1.804s] [01m[K/home/jonas/loisWS/lois_local_planner/local_planner/src/plannerdata.cpp:1:10:[m[K [01;31m[Kfatal error: [m[Kplanner/plannerdata.hpp: No such file or directory
[1.805s]     1 | #include [01;31m[K<planner/plannerdata.hpp>[m[K
[1.805s]       |          [01;31m[K^~~~~~~~~~~~~~~~~~~~~~~~~[m[K
[1.805s] compilation terminated.
[1.805s] [01m[K/home/jonas/loisWS/lois_local_planner/local_planner/src/main.cpp:1:10:[m[K [01;31m[Kfatal error: [m[Klocal_planner/node.h: No such file or directory
[1.805s]     1 | #include [01;31m[K<local_planner/node.h>[m[K
[1.805s]       |          [01;31m[K^~~~~~~~~~~~~~~~~~~~~~[m[K
[1.806s] [01m[K/home/jonas/loisWS/lois_local_planner/local_planner/src/node.cpp:1:10:[m[K [01;31m[Kfatal error: [m[Klocal_planner/node.hpp: No such file or directory
[1.806s]     1 | #include [01;31m[K"local_planner/node.hpp"[m[K
[1.806s]       |          [01;31m[K^~~~~~~~~~~~~~~~~~~~~~~~[m[K
[1.806s] compilation terminated.
[1.806s] compilation terminated.
[1.806s] [01m[K/home/jonas/loisWS/lois_local_planner/local_planner/src/timer.cpp:1:10:[m[K [01;31m[Kfatal error: [m[Kplanner/timer.hpp: No such file or directory
[1.806s]     1 | #include [01;31m[K<planner/timer.hpp>[m[K
[1.806s]       |          [01;31m[K^~~~~~~~~~~~~~~~~~~[m[K
[1.807s] [01m[K/home/jonas/loisWS/lois_local_planner/local_planner/src/config.cpp:1:10:[m[K [01;31m[Kfatal error: [m[Kplanner/config.hpp: No such file or directory
[1.807s]     1 | #include [01;31m[K<planner/config.hpp>[m[K
[1.807s]       |          [01;31m[K^~~~~~~~~~~~~~~~~~~~[m[K
[1.807s] compilation terminated.
[1.807s] compilation terminated.
[1.807s] gmake[2]: *** [CMakeFiles/local_planner_node.dir/build.make:90: CMakeFiles/local_planner_node.dir/src/planner.cpp.o] Error 1
[1.808s] gmake[2]: *** Waiting for unfinished jobs....
[1.808s] gmake[2]: *** [CMakeFiles/local_planner_node.dir/build.make:132: CMakeFiles/local_planner_node.dir/src/planningalgorithm.cpp.o] Error 1
[1.808s] gmake[2]: *** [CMakeFiles/local_planner_node.dir/build.make:160: CMakeFiles/local_planner_node.dir/src/trajectory.cpp.o] Error 1
[1.808s] gmake[2]: *** [CMakeFiles/local_planner_node.dir/build.make:104: CMakeFiles/local_planner_node.dir/src/plannerdata.cpp.o] Error 1
[1.808s] gmake[2]: *** [CMakeFiles/local_planner_node.dir/build.make:118: CMakeFiles/local_planner_node.dir/src/node.cpp.o] Error 1
[1.809s] gmake[2]: *** [CMakeFiles/local_planner_node.dir/build.make:174: CMakeFiles/local_planner_node.dir/src/main.cpp.o] Error 1
[1.809s] gmake[2]: *** [CMakeFiles/local_planner_node.dir/build.make:146: CMakeFiles/local_planner_node.dir/src/timer.cpp.o] Error 1
[1.809s] gmake[2]: *** [CMakeFiles/local_planner_node.dir/build.make:76: CMakeFiles/local_planner_node.dir/src/config.cpp.o] Error 1
[1.809s] gmake[1]: *** [CMakeFiles/Makefile2:137: CMakeFiles/local_planner_node.dir/all] Error 2
[1.809s] gmake: *** [Makefile:146: all] Error 2
[1.810s] Invoked command in '/home/jonas/loisWS/lois_local_planner/build/local_planner' returned '2': CMAKE_PREFIX_PATH=${CMAKE_PREFIX_PATH}:/opt/ros/humble /usr/bin/cmake --build /home/jonas/loisWS/lois_local_planner/build/local_planner -- -j16 -l16
