[0.416s] DEBUG:colcon:Command line arguments: ['/usr/bin/colcon', 'build']
[0.416s] DEBUG:colcon:Parsed command line arguments: Namespace(log_base=None, log_level=None, verb_name='build', build_base='build', install_base='install', merge_install=False, symlink_install=False, test_result_base=None, continue_on_error=False, executor='parallel', parallel_workers=16, event_handlers=None, ignore_user_meta=False, metas=['./colcon.meta'], base_paths=['.'], packages_ignore=None, packages_ignore_regex=None, paths=None, packages_up_to=None, packages_up_to_regex=None, packages_above=None, packages_above_and_dependencies=None, packages_above_depth=None, packages_select_by_dep=None, packages_skip_by_dep=None, packages_skip_up_to=None, packages_select_build_failed=False, packages_skip_build_finished=False, packages_select_test_failures=False, packages_skip_test_passed=False, packages_select=None, packages_skip=None, packages_select_regex=None, packages_skip_regex=None, packages_start=None, packages_end=None, cmake_args=None, cmake_target=None, cmake_target_skip_unavailable=False, cmake_clean_cache=False, cmake_clean_first=False, cmake_force_configure=False, ament_cmake_args=None, catkin_cmake_args=None, catkin_skip_building_tests=False, mixin_files=None, mixin=None, verb_parser=<colcon_mixin.mixin.mixin_argument.MixinArgumentDecorator object at 0x7f23bb4b4c40>, verb_extension=<colcon_core.verb.build.BuildVerb object at 0x7f23bbfc9870>, main=<bound method BuildVerb.main of <colcon_core.verb.build.BuildVerb object at 0x7f23bbfc9870>>, mixin_verb=('build',))
[0.445s] Level 1:colcon.colcon_core.package_discovery:discover_packages(colcon_meta) check parameters
[0.447s] INFO:colcon.colcon_metadata.package_discovery.colcon_meta:Using configuration from '/root/.colcon/metadata/default/Gazebo.meta'
[0.447s] INFO:colcon.colcon_metadata.package_discovery.colcon_meta:Using configuration from '/root/.colcon/metadata/default/fastrtps.meta'
[0.447s] Level 1:colcon.colcon_core.package_discovery:discover_packages(recursive) check parameters
[0.447s] Level 1:colcon.colcon_core.package_discovery:discover_packages(ignore) check parameters
[0.448s] Level 1:colcon.colcon_core.package_discovery:discover_packages(path) check parameters
[0.448s] Level 1:colcon.colcon_core.package_discovery:discover_packages(colcon_meta) discover
[0.448s] Level 1:colcon.colcon_core.package_discovery:discover_packages(recursive) discover
[0.448s] INFO:colcon.colcon_core.package_discovery:Crawling recursively for packages in '/home/jonas/loisWS/lois_local_planner/local_planner'
[0.448s] Level 1:colcon.colcon_core.package_identification:_identify(.) by extensions ['ignore', 'ignore_ament_install']
[0.448s] Level 1:colcon.colcon_core.package_identification:_identify(.) by extension 'ignore'
[0.448s] Level 1:colcon.colcon_core.package_identification:_identify(.) by extension 'ignore_ament_install'
[0.448s] Level 1:colcon.colcon_core.package_identification:_identify(.) by extensions ['colcon_pkg']
[0.448s] Level 1:colcon.colcon_core.package_identification:_identify(.) by extension 'colcon_pkg'
[0.448s] Level 1:colcon.colcon_core.package_identification:_identify(.) by extensions ['colcon_meta']
[0.448s] Level 1:colcon.colcon_core.package_identification:_identify(.) by extension 'colcon_meta'
[0.448s] Level 1:colcon.colcon_core.package_identification:_identify(.) by extensions ['ros']
[0.448s] Level 1:colcon.colcon_core.package_identification:_identify(.) by extension 'ros'
[0.492s] DEBUG:colcon.colcon_core.package_identification:Package '.' with type 'ros.ament_cmake' and name 'local_planner'
[0.492s] Level 1:colcon.colcon_core.package_discovery:discover_packages(recursive) using defaults
[0.492s] Level 1:colcon.colcon_core.package_discovery:discover_packages(ignore) discover
[0.492s] Level 1:colcon.colcon_core.package_discovery:discover_packages(ignore) using defaults
[0.492s] Level 1:colcon.colcon_core.package_discovery:discover_packages(path) discover
[0.492s] Level 1:colcon.colcon_core.package_discovery:discover_packages(path) using defaults
[0.527s] Level 5:colcon.colcon_core.verb:set package 'local_planner' build argument 'cmake_args' from command line to 'None'
[0.528s] Level 5:colcon.colcon_core.verb:set package 'local_planner' build argument 'cmake_target' from command line to 'None'
[0.528s] Level 5:colcon.colcon_core.verb:set package 'local_planner' build argument 'cmake_target_skip_unavailable' from command line to 'False'
[0.528s] Level 5:colcon.colcon_core.verb:set package 'local_planner' build argument 'cmake_clean_cache' from command line to 'False'
[0.528s] Level 5:colcon.colcon_core.verb:set package 'local_planner' build argument 'cmake_clean_first' from command line to 'False'
[0.528s] Level 5:colcon.colcon_core.verb:set package 'local_planner' build argument 'cmake_force_configure' from command line to 'False'
[0.528s] Level 5:colcon.colcon_core.verb:set package 'local_planner' build argument 'ament_cmake_args' from command line to 'None'
[0.528s] Level 5:colcon.colcon_core.verb:set package 'local_planner' build argument 'catkin_cmake_args' from command line to 'None'
[0.528s] Level 5:colcon.colcon_core.verb:set package 'local_planner' build argument 'catkin_skip_building_tests' from command line to 'False'
[0.528s] DEBUG:colcon.colcon_core.verb:Building package 'local_planner' with the following arguments: {'ament_cmake_args': None, 'build_base': '/home/jonas/loisWS/lois_local_planner/local_planner/build/local_planner', 'catkin_cmake_args': None, 'catkin_skip_building_tests': False, 'cmake_args': None, 'cmake_clean_cache': False, 'cmake_clean_first': False, 'cmake_force_configure': False, 'cmake_target': None, 'cmake_target_skip_unavailable': False, 'install_base': '/home/jonas/loisWS/lois_local_planner/local_planner/install/local_planner', 'merge_install': False, 'path': '/home/jonas/loisWS/lois_local_planner/local_planner', 'symlink_install': False, 'test_result_base': None}
[0.530s] INFO:colcon.colcon_core.executor:Executing jobs using 'parallel' executor
[0.535s] DEBUG:colcon.colcon_parallel_executor.executor.parallel:run_until_complete
[0.536s] INFO:colcon.colcon_ros.task.ament_cmake.build:Building ROS package in '/home/jonas/loisWS/lois_local_planner/local_planner' with build type 'ament_cmake'
[0.536s] INFO:colcon.colcon_cmake.task.cmake.build:Building CMake package in '/home/jonas/loisWS/lois_local_planner/local_planner'
[0.542s] INFO:colcon.colcon_core.plugin_system:Skipping extension 'colcon_core.shell.bat': Not used on non-Windows systems
[0.542s] INFO:colcon.colcon_core.shell:Skip shell extension 'powershell' for command environment: Not usable outside of PowerShell
[0.542s] DEBUG:colcon.colcon_core.shell:Skip shell extension 'dsv' for command environment
[0.561s] DEBUG:colcon.colcon_core.event_handler.log_command:Invoking command in '/home/jonas/loisWS/lois_local_planner/local_planner/build/local_planner': CMAKE_PREFIX_PATH=${CMAKE_PREFIX_PATH}:/opt/ros/humble /usr/bin/cmake /home/jonas/loisWS/lois_local_planner/local_planner -DCMAKE_INSTALL_PREFIX=/home/jonas/loisWS/lois_local_planner/local_planner/install/local_planner
[2.095s] DEBUG:colcon.colcon_core.event_handler.log_command:Invoked command in '/home/jonas/loisWS/lois_local_planner/local_planner/build/local_planner' returned '1': CMAKE_PREFIX_PATH=${CMAKE_PREFIX_PATH}:/opt/ros/humble /usr/bin/cmake /home/jonas/loisWS/lois_local_planner/local_planner -DCMAKE_INSTALL_PREFIX=/home/jonas/loisWS/lois_local_planner/local_planner/install/local_planner
[2.115s] Level 1:colcon.colcon_core.environment:create_environment_scripts_only(local_planner)
[2.125s] Level 1:colcon.colcon_core.environment:checking '/home/jonas/loisWS/lois_local_planner/local_planner/install/local_planner' for CMake module files
[2.126s] Level 1:colcon.colcon_core.environment:checking '/home/jonas/loisWS/lois_local_planner/local_planner/install/local_planner' for CMake config files
[2.127s] Level 1:colcon.colcon_core.environment:checking '/home/jonas/loisWS/lois_local_planner/local_planner/install/local_planner/bin'
[2.127s] Level 1:colcon.colcon_core.environment:checking '/home/jonas/loisWS/lois_local_planner/local_planner/install/local_planner/lib/pkgconfig/local_planner.pc'
[2.129s] Level 1:colcon.colcon_core.environment:checking '/home/jonas/loisWS/lois_local_planner/local_planner/install/local_planner/lib/python3.10/site-packages'
[2.129s] Level 1:colcon.colcon_core.environment:checking '/home/jonas/loisWS/lois_local_planner/local_planner/install/local_planner/bin'
[2.131s] INFO:colcon.colcon_core.shell:Creating package script '/home/jonas/loisWS/lois_local_planner/local_planner/install/local_planner/share/local_planner/package.ps1'
[2.132s] INFO:colcon.colcon_core.shell:Creating package descriptor '/home/jonas/loisWS/lois_local_planner/local_planner/install/local_planner/share/local_planner/package.dsv'
[2.133s] INFO:colcon.colcon_core.shell:Creating package script '/home/jonas/loisWS/lois_local_planner/local_planner/install/local_planner/share/local_planner/package.sh'
[2.134s] INFO:colcon.colcon_core.shell:Creating package script '/home/jonas/loisWS/lois_local_planner/local_planner/install/local_planner/share/local_planner/package.bash'
[2.135s] INFO:colcon.colcon_core.shell:Creating package script '/home/jonas/loisWS/lois_local_planner/local_planner/install/local_planner/share/local_planner/package.zsh'
[2.136s] Level 1:colcon.colcon_core.environment:create_file_with_runtime_dependencies(/home/jonas/loisWS/lois_local_planner/local_planner/install/local_planner/share/colcon-core/packages/local_planner)
[2.146s] DEBUG:colcon.colcon_parallel_executor.executor.parallel:closing loop
[2.147s] DEBUG:colcon.colcon_parallel_executor.executor.parallel:loop closed
[2.147s] DEBUG:colcon.colcon_parallel_executor.executor.parallel:run_until_complete finished with '1'
[2.147s] DEBUG:colcon.colcon_core.event_reactor:joining thread
[2.162s] INFO:colcon.colcon_core.plugin_system:Skipping extension 'colcon_notification.desktop_notification.notify_send': Could not find 'notify-send'
[2.162s] INFO:colcon.colcon_core.plugin_system:Skipping extension 'colcon_notification.desktop_notification.terminal_notifier': Not used on non-Darwin systems
[2.162s] INFO:colcon.colcon_core.plugin_system:Skipping extension 'colcon_notification.desktop_notification.win32': Not used on non-Windows systems
[2.163s] INFO:colcon.colcon_notification.desktop_notification:Sending desktop notification using 'notify2'
[2.163s] DEBUG:colcon.colcon_notification.desktop_notification.notify2:Failed to initialize notify2: org.freedesktop.DBus.Error.NotSupported: Unable to autolaunch a dbus-daemon without a $DISPLAY for X11
[2.163s] DEBUG:colcon.colcon_core.event_reactor:joined thread
[2.166s] INFO:colcon.colcon_core.shell:Creating prefix script '/home/jonas/loisWS/lois_local_planner/local_planner/install/local_setup.ps1'
[2.169s] INFO:colcon.colcon_core.shell:Creating prefix util module '/home/jonas/loisWS/lois_local_planner/local_planner/install/_local_setup_util_ps1.py'
[2.172s] INFO:colcon.colcon_core.shell:Creating prefix chain script '/home/jonas/loisWS/lois_local_planner/local_planner/install/setup.ps1'
[2.175s] INFO:colcon.colcon_core.shell:Creating prefix script '/home/jonas/loisWS/lois_local_planner/local_planner/install/local_setup.sh'
[2.176s] INFO:colcon.colcon_core.shell:Creating prefix util module '/home/jonas/loisWS/lois_local_planner/local_planner/install/_local_setup_util_sh.py'
[2.177s] INFO:colcon.colcon_core.shell:Creating prefix chain script '/home/jonas/loisWS/lois_local_planner/local_planner/install/setup.sh'
[2.179s] INFO:colcon.colcon_core.shell:Creating prefix script '/home/jonas/loisWS/lois_local_planner/local_planner/install/local_setup.bash'
[2.180s] INFO:colcon.colcon_core.shell:Creating prefix chain script '/home/jonas/loisWS/lois_local_planner/local_planner/install/setup.bash'
[2.182s] INFO:colcon.colcon_core.shell:Creating prefix script '/home/jonas/loisWS/lois_local_planner/local_planner/install/local_setup.zsh'
[2.182s] INFO:colcon.colcon_core.shell:Creating prefix chain script '/home/jonas/loisWS/lois_local_planner/local_planner/install/setup.zsh'
