[0.030s] Invoking command in '/home/jonas/loisWS/lois_local_planner/local_planner/build/local_planner': CMAKE_PREFIX_PATH=${CMAKE_PREFIX_PATH}:/opt/ros/humble /usr/bin/cmake /home/jonas/loisWS/lois_local_planner/local_planner -DCMAKE_INSTALL_PREFIX=/home/jonas/loisWS/lois_local_planner/local_planner/install/local_planner
[0.224s] -- The C compiler identification is GNU 11.3.0
[0.345s] -- The CXX compiler identification is GNU 11.3.0
[0.361s] -- Detecting C compiler ABI info
[0.477s] -- Detecting C compiler ABI info - done
[0.494s] -- Check for working C compiler: /usr/bin/cc - skipped
[0.496s] -- Detecting C compile features
[0.496s] -- Detecting C compile features - done
[0.501s] -- Detecting CXX compiler ABI info
[0.625s] -- Detecting CXX compiler ABI info - done
[0.638s] -- Check for working CXX compiler: /usr/bin/c++ - skipped
[0.639s] -- Detecting CXX compile features
[0.639s] -- Detecting CXX compile features - done
[0.648s] -- Found ament_cmake: 1.3.3 (/opt/ros/humble/share/ament_cmake/cmake)
[0.928s] -- Found Python3: /usr/bin/python3.10 (found version "3.10.6") found components: Interpreter 
[1.089s] -- Found rclcpp: 16.0.3 (/opt/ros/humble/share/rclcpp/cmake)
[1.173s] -- Found rosidl_generator_c: 3.1.4 (/opt/ros/humble/share/rosidl_generator_c/cmake)
[1.182s] -- Found rosidl_adapter: 3.1.4 (/opt/ros/humble/share/rosidl_adapter/cmake)
[1.200s] -- Found rosidl_generator_cpp: 3.1.4 (/opt/ros/humble/share/rosidl_generator_cpp/cmake)
[1.224s] -- Using all available rosidl_typesupport_c: rosidl_typesupport_fastrtps_c;rosidl_typesupport_introspection_c
[1.257s] -- Using all available rosidl_typesupport_cpp: rosidl_typesupport_fastrtps_cpp;rosidl_typesupport_introspection_cpp
[1.368s] -- Found rmw_implementation_cmake: 6.1.1 (/opt/ros/humble/share/rmw_implementation_cmake/cmake)
[1.373s] -- Found rmw_fastrtps_cpp: 6.2.2 (/opt/ros/humble/share/rmw_fastrtps_cpp/cmake)
[1.562s] -- Found OpenSSL: /usr/lib/x86_64-linux-gnu/libcrypto.so (found version "3.0.2")  
[1.609s] -- Found FastRTPS: /opt/ros/humble/include  
[1.692s] -- Using RMW implementation 'rmw_fastrtps_cpp' as default
[1.715s] -- Looking for pthread.h
[1.840s] -- Looking for pthread.h - found
[1.841s] -- Performing Test CMAKE_HAVE_LIBC_PTHREAD
[1.950s] -- Performing Test CMAKE_HAVE_LIBC_PTHREAD - Success
[1.951s] -- Found Threads: TRUE  
[2.209s] -- Found rosidl_default_generators: 1.2.0 (/opt/ros/humble/share/rosidl_default_generators/cmake)
[2.224s] -- Found sensor_msgs: 4.2.3 (/opt/ros/humble/share/sensor_msgs/cmake)
[2.436s] -- Found tf2: 0.25.2 (/opt/ros/humble/share/tf2/cmake)
[2.459s] -- Found tf2_ros: 0.25.2 (/opt/ros/humble/share/tf2_ros/cmake)
[2.991s] [31mCMake Error at /opt/ros/humble/share/ament_cmake_target_dependencies/cmake/ament_target_dependencies.cmake:77 (message):
[2.991s]   ament_target_dependencies() the passed package name 'tf_listener' was not
[2.991s]   found before
[2.991s] Call Stack (most recent call first):
[2.991s]   CMakeLists.txt:31 (ament_target_dependencies)
[2.992s] 
[2.992s] [0m
[2.992s] -- Configuring incomplete, errors occurred!
[2.992s] See also "/home/jonas/loisWS/lois_local_planner/local_planner/build/local_planner/CMakeFiles/CMakeOutput.log".
[3.001s] Invoked command in '/home/jonas/loisWS/lois_local_planner/local_planner/build/local_planner' returned '1': CMAKE_PREFIX_PATH=${CMAKE_PREFIX_PATH}:/opt/ros/humble /usr/bin/cmake /home/jonas/loisWS/lois_local_planner/local_planner -DCMAKE_INSTALL_PREFIX=/home/jonas/loisWS/lois_local_planner/local_planner/install/local_planner
