-- Found ament_cmake: 1.3.3 (/opt/ros/humble/share/ament_cmake/cmake)
-- Found rclcpp: 16.0.3 (/opt/ros/humble/share/rclcpp/cmake)
-- Found rosidl_generator_c: 3.1.4 (/opt/ros/humble/share/rosidl_generator_c/cmake)
-- Found rosidl_adapter: 3.1.4 (/opt/ros/humble/share/rosidl_adapter/cmake)
-- Found rosidl_generator_cpp: 3.1.4 (/opt/ros/humble/share/rosidl_generator_cpp/cmake)
-- Using all available rosidl_typesupport_c: rosidl_typesupport_fastrtps_c;rosidl_typesupport_introspection_c
-- Using all available rosidl_typesupport_cpp: rosidl_typesupport_fastrtps_cpp;rosidl_typesupport_introspection_cpp
-- Found rmw_implementation_cmake: 6.1.1 (/opt/ros/humble/share/rmw_implementation_cmake/cmake)
-- Found rmw_fastrtps_cpp: 6.2.2 (/opt/ros/humble/share/rmw_fastrtps_cpp/cmake)
-- Using RMW implementation 'rmw_fastrtps_cpp' as default
-- Found rosidl_default_generators: 1.2.0 (/opt/ros/humble/share/rosidl_default_generators/cmake)
-- Found sensor_msgs: 4.2.3 (/opt/ros/humble/share/sensor_msgs/cmake)
-- Found nav_msgs: 4.2.3 (/opt/ros/humble/share/nav_msgs/cmake)
-- Found tf2: 0.25.2 (/opt/ros/humble/share/tf2/cmake)
-- Found tf2_ros: 0.25.2 (/opt/ros/humble/share/tf2_ros/cmake)
-- Found tf_listener: 1.0.0 (/home/jonas/loisWS/lois_tf_listener/tf_listener/install/tf_listener/share/tf_listener/cmake)
-- Found kinematics: 1.0.0 (/home/jonas/loisWS/lois_kinematics/kinematics/install/kinematics/share/kinematics/cmake)
-- Configuring done
-- Generating done
-- Build files have been written to: /home/jonas/loisWS/lois_local_planner/build/local_planner
[35m[1mConsolidate compiler generated dependencies of target local_planner_node[0m
[ 11%] [32mBuilding CXX object CMakeFiles/local_planner_node.dir/src/config.cpp.o[0m
[ 33%] [32mBuilding CXX object CMakeFiles/local_planner_node.dir/src/node.cpp.o[0m
[ 33%] [32mBuilding CXX object CMakeFiles/local_planner_node.dir/src/planner.cpp.o[0m
[ 44%] [32mBuilding CXX object CMakeFiles/local_planner_node.dir/src/plannerdata.cpp.o[0m
[ 66%] [32mBuilding CXX object CMakeFiles/local_planner_node.dir/src/planningalgorithm.cpp.o[0m
[ 66%] [32mBuilding CXX object CMakeFiles/local_planner_node.dir/src/trajectory.cpp.o[0m
[ 88%] [32mBuilding CXX object CMakeFiles/local_planner_node.dir/src/main.cpp.o[0m
[ 88%] [32mBuilding CXX object CMakeFiles/local_planner_node.dir/src/timer.cpp.o[0m
In file included from [01m[K/home/jonas/loisWS/lois_local_planner/local_planner/src/trajectory.cpp:1[m[K:
[01m[K/home/jonas/loisWS/lois_local_planner/local_planner/include/local_planner/trajectory.hpp:[m[K In member function ‘[01m[Kbool Trajectory::setCollided()[m[K’:
[01m[K/home/jonas/loisWS/lois_local_planner/local_planner/include/local_planner/trajectory.hpp:37:40:[m[K [01;35m[Kwarning: [m[Kno return statement in function returning non-void [[01;35m[K-Wreturn-type[m[K]
   37 |   bool setCollided(){ collided = true; [01;35m[K}[m[K
      |                                        [01;35m[K^[m[K
[01m[K/home/jonas/loisWS/lois_local_planner/local_planner/include/local_planner/trajectory.hpp:[m[K In member function ‘[01m[Kbool Trajectory::setCollided(double)[m[K’:
[01m[K/home/jonas/loisWS/lois_local_planner/local_planner/include/local_planner/trajectory.hpp:43:79:[m[K [01;35m[Kwarning: [m[Kno return statement in function returning non-void [[01;35m[K-Wreturn-type[m[K]
   43 |   bool setCollided(double colTime){ collided = true; this->colTime = colTime; [01;35m[K}[m[K
      |                                                                               [01;35m[K^[m[K
In file included from [01m[K/home/jonas/loisWS/lois_local_planner/local_planner/src/planner.cpp:1[m[K:
[01m[K/home/jonas/loisWS/lois_local_planner/local_planner/include/local_planner/planner.hpp:6:10:[m[K [01;31m[Kfatal error: [m[Ksensor_msgs/msg/Image.hpp: No such file or directory
    6 | #include [01;31m[K<sensor_msgs/msg/Image.hpp>[m[K
      |          [01;31m[K^~~~~~~~~~~~~~~~~~~~~~~~~~~[m[K
In file included from [01m[K/home/jonas/loisWS/lois_local_planner/local_planner/include/local_planner/planningalgorithm.hpp:6[m[K,
                 from [01m[K/home/jonas/loisWS/lois_local_planner/local_planner/src/planningalgorithm.cpp:1[m[K:
[01m[K/home/jonas/loisWS/lois_local_planner/local_planner/include/local_planner/plannerdata.hpp:6:10:[m[K [01;31m[Kfatal error: [m[Ksensor_msgs/msg/Image.hpp: No such file or directory
    6 | #include [01;31m[K<sensor_msgs/msg/Image.hpp>[m[K
      |          [01;31m[K^~~~~~~~~~~~~~~~~~~~~~~~~~~[m[K
compilation terminated.
compilation terminated.
In file included from [01m[K/home/jonas/loisWS/lois_local_planner/local_planner/src/plannerdata.cpp:1[m[K:
[01m[K/home/jonas/loisWS/lois_local_planner/local_planner/include/local_planner/plannerdata.hpp:6:10:[m[K [01;31m[Kfatal error: [m[Ksensor_msgs/msg/Image.hpp: No such file or directory
    6 | #include [01;31m[K<sensor_msgs/msg/Image.hpp>[m[K
      |          [01;31m[K^~~~~~~~~~~~~~~~~~~~~~~~~~~[m[K
compilation terminated.
gmake[2]: *** [CMakeFiles/local_planner_node.dir/build.make:104: CMakeFiles/local_planner_node.dir/src/plannerdata.cpp.o] Error 1
gmake[2]: *** Waiting for unfinished jobs....
gmake[2]: *** [CMakeFiles/local_planner_node.dir/build.make:90: CMakeFiles/local_planner_node.dir/src/planner.cpp.o] Error 1
gmake[2]: *** [CMakeFiles/local_planner_node.dir/build.make:132: CMakeFiles/local_planner_node.dir/src/planningalgorithm.cpp.o] Error 1
gmake[1]: *** [CMakeFiles/Makefile2:137: CMakeFiles/local_planner_node.dir/all] Error 2
gmake: *** [Makefile:146: all] Error 2
